{
  "0 debug pnpm:scope": {
    "selected": 1
  },
  "1 error pnpm": {
    "code": "ELIFECYCLE",
    "errno": "ENOENT",
    "syscall": "spawn",
    "file": "sh",
    "pkgid": "template@1.0.0",
    "stage": "dev",
    "script": "rollup -c -w --configPlugin typescript",
    "pkgname": "template",
    "err": {
      "name": "pnpm",
      "message": "template@1.0.0 dev: `rollup -c -w --configPlugin typescript`\nspawn ENOENT",
      "code": "ELIFECYCLE",
      "stack": "pnpm: template@1.0.0 dev: `rollup -c -w --configPlugin typescript`\nspawn ENOENT\n    at ChildProcess.<anonymous> (/Users/alain/pnpm-global/5/node_modules/.pnpm/pnpm@6.26.1/node_modules/pnpm/dist/pnpm.cjs:91958:22)\n    at ChildProcess.emit (events.js:400:28)\n    at maybeClose (internal/child_process.js:1058:16)\n    at Process.ChildProcess._handle.onexit (internal/child_process.js:293:5)"
    }
  }
}